<?xml version="1.0" encoding="UTF-8"?>
<!-- Generated by org.testng.reporters.JUnitReportReporter -->
<testsuite hostname="ndi-mb-236" failures="0" tests="2" name="testcase.homePageTestCase" time="9.636" errors="0" timestamp="2022-07-31T20:33:57 IST" skipped="0">
  <testcase classname="testcase.homePageTestCase" name="verifyHomePage" time="5.597"/>
  <system-out/>
  <testcase classname="testcase.homePageTestCase" name="verifyHomePage" time="4.039"/>
  <system-out/>
</testsuite> <!-- testcase.homePageTestCase -->
